<?xml version="1.0" encoding="UTF-8"?>
<testng-results skipped="0" failed="0" total="1" passed="1">
  <reporter-output>
  </reporter-output>
  <suite name="Default suite" duration-ms="44182" started-at="2022-10-05T09:38:12Z" finished-at="2022-10-05T09:38:57Z">
    <groups>
      <group name="cucumber">
        <method signature="TestRunner.feature(cucumber.api.testng.CucumberFeatureWrapper)[pri:0, instance:com.DrParser.testRunner.TestRunner@34b7ac2f]" name="feature" class="com.DrParser.testRunner.TestRunner"/>
      </group> <!-- cucumber -->
    </groups>
    <test name="Default test" duration-ms="44182" started-at="2022-10-05T09:38:12Z" finished-at="2022-10-05T09:38:57Z">
      <class name="com.DrParser.testRunner.TestRunner">
        <test-method status="PASS" signature="setUpClass()[pri:0, instance:com.DrParser.testRunner.TestRunner@34b7ac2f]" name="setUpClass" is-config="true" duration-ms="352" started-at="2022-10-05T16:38:12Z" finished-at="2022-10-05T16:38:13Z">
          <reporter-output>
          </reporter-output>
        </test-method> <!-- setUpClass -->
        <test-method status="PASS" signature="feature(cucumber.api.testng.CucumberFeatureWrapper)[pri:0, instance:com.DrParser.testRunner.TestRunner@34b7ac2f]" name="feature" duration-ms="43670" started-at="2022-10-05T16:38:13Z" description="Runs cucmber Features" data-provider="features" finished-at="2022-10-05T16:38:57Z">
          <params>
            <param index="0">
              <value>
                <![CDATA[As a user I can access demo of DrParser]]>
              </value>
            </param>
          </params>
          <reporter-output>
          </reporter-output>
        </test-method> <!-- feature -->
        <test-method status="PASS" signature="testDownClass()[pri:0, instance:com.DrParser.testRunner.TestRunner@34b7ac2f]" name="testDownClass" is-config="true" duration-ms="47" started-at="2022-10-05T16:38:57Z" finished-at="2022-10-05T16:38:57Z">
          <reporter-output>
          </reporter-output>
        </test-method> <!-- testDownClass -->
      </class> <!-- com.DrParser.testRunner.TestRunner -->
    </test> <!-- Default test -->
  </suite> <!-- Default suite -->
</testng-results>
